[    0.000000] Linux version 4.15.0-76-generic (buildd@lcy01-amd64-029) (gcc version 7.4.0 (Ubuntu 7.4.0-1ubuntu1~18.04.1)) #86-Ubuntu SMP Fri Jan 17 17:24:28 UTC 2020 (Ubuntu 4.15.0-76.86-generic 4.15.18)
[    0.000000] Command line: BOOT_IMAGE=/boot/vmlinuz-4.15.0-76-generic root=LABEL=cloudimg-rootfs ro console=tty1 console=ttyS0
[    0.000000] KERNEL supported cpus:
[    0.000000]   Intel GenuineIntel
[    0.000000]   AMD AuthenticAMD
[    0.000000]   Centaur CentaurHauls
[    0.000000] x86/fpu: Supporting XSAVE feature 0x001: 'x87 floating point registers'
[    0.000000] x86/fpu: Supporting XSAVE feature 0x002: 'SSE registers'
[    0.000000] x86/fpu: Supporting XSAVE feature 0x004: 'AVX registers'
[    0.000000] x86/fpu: xstate_offset[2]:  576, xstate_sizes[2]:  256
[    0.000000] x86/fpu: Enabled xstate features 0x7, context size is 832 bytes, using 'standard' format.
[    0.000000] e820: BIOS-provided physical RAM map:
[    0.000000] BIOS-e820: [mem 0x0000000000000000-0x000000000009fbff] usable
[    0.000000] BIOS-e820: [mem 0x000000000009fc00-0x000000000009ffff] reserved
[    0.000000] BIOS-e820: [mem 0x00000000000f0000-0x00000000000fffff] reserved
[    0.000000] BIOS-e820: [mem 0x0000000000100000-0x000000003ffeffff] usable
[    0.000000] BIOS-e820: [mem 0x000000003fff0000-0x000000003fffffff] ACPI data
[    0.000000] BIOS-e820: [mem 0x00000000fec00000-0x00000000fec00fff] reserved
[    0.000000] BIOS-e820: [mem 0x00000000fee00000-0x00000000fee00fff] reserved
[    0.000000] BIOS-e820: [mem 0x00000000fffc0000-0x00000000ffffffff] reserved
[    0.000000] NX (Execute Disable) protection: active
[    0.000000] SMBIOS 2.5 present.
[    0.000000] DMI: innotek GmbH VirtualBox/VirtualBox, BIOS VirtualBox 12/01/2006
[    0.000000] Hypervisor detected: KVM
[    0.000000] e820: last_pfn = 0x3fff0 max_arch_pfn = 0x400000000
[    0.000000] MTRR: Disabled
[    0.000000] x86/PAT: MTRRs disabled, skipping PAT initialization too.
[    0.000000] CPU MTRRs all blank - virtualized system.
[    0.000000] x86/PAT: Configuration [0-7]: WB  WT  UC- UC  WB  WT  UC- UC  
[    0.000000] found SMP MP-table at [mem 0x0009fff0-0x0009ffff]
[    0.000000] Scanning 1 areas for low memory corruption
[    0.000000] RAMDISK: [mem 0x35a6f000-0x36d2efff]
[    0.000000] ACPI: Early table checksum verification disabled
[    0.000000] ACPI: RSDP 0x00000000000E0000 000024 (v02 VBOX  )
[    0.000000] ACPI: XSDT 0x000000003FFF0030 00003C (v01 VBOX   VBOXXSDT 00000001 ASL  00000061)
[    0.000000] ACPI: FACP 0x000000003FFF00F0 0000F4 (v04 VBOX   VBOXFACP 00000001 ASL  00000061)
[    0.000000] ACPI: DSDT 0x000000003FFF0470 002325 (v02 VBOX   VBOXBIOS 00000002 INTL 20100528)
[    0.000000] ACPI: FACS 0x000000003FFF0200 000040
[    0.000000] ACPI: FACS 0x000000003FFF0200 000040
[    0.000000] ACPI: APIC 0x000000003FFF0240 00005C (v02 VBOX   VBOXAPIC 00000001 ASL  00000061)
[    0.000000] ACPI: SSDT 0x000000003FFF02A0 0001CC (v01 VBOX   VBOXCPUT 00000002 INTL 20100528)
[    0.000000] No NUMA configuration found
[    0.000000] Faking a node at [mem 0x0000000000000000-0x000000003ffeffff]
[    0.000000] NODE_DATA(0) allocated [mem 0x3ffc5000-0x3ffeffff]
[    0.000000] kvm-clock: cpu 0, msr 0:3ff44001, primary cpu clock
[    0.000000] kvm-clock: Using msrs 4b564d01 and 4b564d00
[    0.000000] kvm-clock: using sched offset of 3893581979 cycles
[    0.000000] clocksource: kvm-clock: mask: 0xffffffffffffffff max_cycles: 0x1cd42e4dffb, max_idle_ns: 881590591483 ns
[    0.000000] Zone ranges:
[    0.000000]   DMA      [mem 0x0000000000001000-0x0000000000ffffff]
[    0.000000]   DMA32    [mem 0x0000000001000000-0x000000003ffeffff]
[    0.000000]   Normal   empty
[    0.000000]   Device   empty
[    0.000000] Movable zone start for each node
[    0.000000] Early memory node ranges
[    0.000000]   node   0: [mem 0x0000000000001000-0x000000000009efff]
[    0.000000]   node   0: [mem 0x0000000000100000-0x000000003ffeffff]
[    0.000000] Reserved but unavailable: 98 pages
[    0.000000] Initmem setup node 0 [mem 0x0000000000001000-0x000000003ffeffff]
[    0.000000] ACPI: PM-Timer IO Port: 0x4008
[    0.000000] IOAPIC[0]: apic_id 2, version 32, address 0xfec00000, GSI 0-23
[    0.000000] ACPI: INT_SRC_OVR (bus 0 bus_irq 0 global_irq 2 dfl dfl)
[    0.000000] ACPI: INT_SRC_OVR (bus 0 bus_irq 9 global_irq 9 low level)
[    0.000000] Using ACPI (MADT) for SMP configuration information
[    0.000000] smpboot: Allowing 2 CPUs, 0 hotplug CPUs
[    0.000000] PM: Registered nosave memory: [mem 0x00000000-0x00000fff]
[    0.000000] PM: Registered nosave memory: [mem 0x0009f000-0x0009ffff]
[    0.000000] PM: Registered nosave memory: [mem 0x000a0000-0x000effff]
[    0.000000] PM: Registered nosave memory: [mem 0x000f0000-0x000fffff]
[    0.000000] e820: [mem 0x40000000-0xfebfffff] available for PCI devices
[    0.000000] Booting paravirtualized kernel on KVM
[    0.000000] clocksource: refined-jiffies: mask: 0xffffffff max_cycles: 0xffffffff, max_idle_ns: 7645519600211568 ns
[    0.000000] random: get_random_bytes called from start_kernel+0x99/0x4fd with crng_init=0
[    0.000000] setup_percpu: NR_CPUS:8192 nr_cpumask_bits:2 nr_cpu_ids:2 nr_node_ids:1
[    0.000000] percpu: Embedded 45 pages/cpu s147456 r8192 d28672 u1048576
[    0.000000] PV qspinlock hash table entries: 256 (order: 0, 4096 bytes)
[    0.000000] Built 1 zonelists, mobility grouping on.  Total pages: 257913
[    0.000000] Policy zone: DMA32
[    0.000000] Kernel command line: BOOT_IMAGE=/boot/vmlinuz-4.15.0-76-generic root=LABEL=cloudimg-rootfs ro console=tty1 console=ttyS0
[    0.000000] Memory: 983080K/1048120K available (12300K kernel code, 2481K rwdata, 4260K rodata, 2428K init, 2704K bss, 65040K reserved, 0K cma-reserved)
[    0.000000] SLUB: HWalign=64, Order=0-3, MinObjects=0, CPUs=2, Nodes=1
[    0.000000] Kernel/User page tables isolation: enabled
[    0.000000] ftrace: allocating 39322 entries in 154 pages
[    0.004000] Hierarchical RCU implementation.
[    0.004000] 	RCU restricting CPUs from NR_CPUS=8192 to nr_cpu_ids=2.
[    0.004000] 	Tasks RCU enabled.
[    0.004000] RCU: Adjusting geometry for rcu_fanout_leaf=16, nr_cpu_ids=2
[    0.004000] NR_IRQS: 524544, nr_irqs: 440, preallocated irqs: 16
[    0.004000] Console: colour VGA+ 80x25
[    0.004000] console [tty1] enabled
[    0.004000] console [ttyS0] enabled
[    0.004000] ACPI: Core revision 20170831
[    0.004000] ACPI: 2 ACPI AML tables successfully acquired and loaded
[    0.004000] APIC: Switch to symmetric I/O mode setup
[    0.004000] x2apic enabled
[    0.004000] Switched APIC routing to physical x2apic.
[    0.004000] ..TIMER: vector=0x30 apic1=0 pin1=2 apic2=-1 pin2=-1
[    0.004004] tsc: Detected 2711.996 MHz processor
[    0.004898] Calibrating delay loop (skipped) preset value.. 5423.99 BogoMIPS (lpj=10847984)
[    0.005398] pid_max: default: 32768 minimum: 301
[    0.006276] Security Framework initialized
[    0.008002] Yama: becoming mindful.
[    0.008698] AppArmor: AppArmor initialized
[    0.012000] Dentry cache hash table entries: 131072 (order: 8, 1048576 bytes)
[    0.012068] Inode-cache hash table entries: 65536 (order: 7, 524288 bytes)
[    0.016016] Mount-cache hash table entries: 2048 (order: 2, 16384 bytes)
[    0.017325] Mountpoint-cache hash table entries: 2048 (order: 2, 16384 bytes)
[    0.019271] Last level iTLB entries: 4KB 64, 2MB 8, 4MB 8
[    0.020002] Last level dTLB entries: 4KB 64, 2MB 0, 4MB 0, 1GB 4
[    0.021069] Spectre V1 : Mitigation: usercopy/swapgs barriers and __user pointer sanitization
[    0.022629] Spectre V2 : Mitigation: Full generic retpoline
[    0.024001] Spectre V2 : Spectre v2 / SpectreRSB mitigation: Filling RSB on context switch
[    0.025460] Speculative Store Bypass: Vulnerable
[    0.026352] MDS: Vulnerable: Clear CPU buffers attempted, no microcode
[    0.027678] Freeing SMP alternatives memory: 36K
[    0.138631] smpboot: CPU0: Intel(R) Core(TM) i5-7200U CPU @ 2.50GHz (family: 0x6, model: 0x8e, stepping: 0x9)
[    0.140000] Performance Events: unsupported p6 CPU model 142 no PMU driver, software events only.
[    0.140000] Hierarchical SRCU implementation.
[    0.140760] NMI watchdog: Perf event create on CPU 0 failed with -2
[    0.142343] NMI watchdog: Perf NMI watchdog permanently disabled
[    0.144073] smp: Bringing up secondary CPUs ...
[    0.145131] x86: Booting SMP configuration:
[    0.146036] .... node  #0, CPUs:      #1
[    0.004000] kvm-clock: cpu 1, msr 0:3ff44041, secondary cpu clock
[    0.150903] smp: Brought up 1 node, 2 CPUs
[    0.150903] smpboot: Max logical packages: 1
[    0.152005] smpboot: Total of 2 processors activated (10847.98 BogoMIPS)
[    0.156144] devtmpfs: initialized
[    0.160123] x86/mm: Memory block size: 128MB
[    0.161267] evm: security.selinux
[    0.162112] evm: security.SMACK64
[    0.163199] evm: security.SMACK64EXEC
[    0.164005] evm: security.SMACK64TRANSMUTE
[    0.164912] evm: security.SMACK64MMAP
[    0.165916] evm: security.apparmor
[    0.166671] evm: security.ima
[    0.167274] evm: security.capability
[    0.168096] clocksource: jiffies: mask: 0xffffffff max_cycles: 0xffffffff, max_idle_ns: 7645041785100000 ns
[    0.169804] futex hash table entries: 512 (order: 3, 32768 bytes)
[    0.176051] pinctrl core: initialized pinctrl subsystem
[    0.177799] RTC time:  9:35:18, date: 02/26/20
[    0.179038] NET: Registered protocol family 16
[    0.180000] audit: initializing netlink subsys (disabled)
[    0.180038] audit: type=2000 audit(1582709723.428:1): state=initialized audit_enabled=0 res=1
[    0.180135] cpuidle: using governor ladder
[    0.184016] cpuidle: using governor menu
[    0.184945] ACPI: bus type PCI registered
[    0.185779] acpiphp: ACPI Hot Plug PCI Controller Driver version: 0.5
[    0.187226] PCI: Using configuration type 1 for base access
[    0.189790] HugeTLB registered 2.00 MiB page size, pre-allocated 0 pages
[    0.192161] ACPI: Added _OSI(Module Device)
[    0.193173] ACPI: Added _OSI(Processor Device)
[    0.194175] ACPI: Added _OSI(3.0 _SCP Extensions)
[    0.196003] ACPI: Added _OSI(Processor Aggregator Device)
[    0.197177] ACPI: Added _OSI(Linux-Dell-Video)
[    0.198267] ACPI: Added _OSI(Linux-Lenovo-NV-HDMI-Audio)
[    0.200003] ACPI: Added _OSI(Linux-HPI-Hybrid-Graphics)
[    0.201589] ACPI: Executed 1 blocks of module-level executable AML code
[    0.208984] ACPI: Interpreter enabled
[    0.210144] ACPI: (supports S0 S5)
[    0.210905] ACPI: Using IOAPIC for interrupt routing
[    0.212000] PCI: Using host bridge windows from ACPI; if necessary, use "pci=nocrs" and report a bug
[    0.212204] ACPI: Enabled 2 GPEs in block 00 to 07
[    0.224000] ACPI: PCI Root Bridge [PCI0] (domain 0000 [bus 00-ff])
[    0.224008] acpi PNP0A03:00: _OSC: OS supports [ASPM ClockPM Segments MSI]
[    0.226194] acpi PNP0A03:00: _OSC: not requesting OS control; OS requires [ExtendedConfig ASPM ClockPM MSI]
[    0.228013] acpi PNP0A03:00: fail to add MMCONFIG information, can't access extended PCI configuration space under this bridge.
[    0.232715] PCI host bridge to bus 0000:00
[    0.233662] pci_bus 0000:00: root bus resource [io  0x0000-0x0cf7 window]
[    0.235100] pci_bus 0000:00: root bus resource [io  0x0d00-0xffff window]
[    0.236006] pci_bus 0000:00: root bus resource [mem 0x000a0000-0x000bffff window]
[    0.237653] pci_bus 0000:00: root bus resource [mem 0x40000000-0xfdffffff window]
[    0.239048] pci_bus 0000:00: root bus resource [bus 00-ff]
[    0.243083] pci 0000:00:01.1: legacy IDE quirk: reg 0x10: [io  0x01f0-0x01f7]
[    0.244004] pci 0000:00:01.1: legacy IDE quirk: reg 0x14: [io  0x03f6]
[    0.245271] pci 0000:00:01.1: legacy IDE quirk: reg 0x18: [io  0x0170-0x0177]
[    0.246619] pci 0000:00:01.1: legacy IDE quirk: reg 0x1c: [io  0x0376]
[    0.275094] pci 0000:00:07.0: quirk: [io  0x4000-0x403f] claimed by PIIX4 ACPI
[    0.276018] pci 0000:00:07.0: quirk: [io  0x4100-0x410f] claimed by PIIX4 SMB
[    0.294215] ACPI: PCI Interrupt Link [LNKA] (IRQs 5 9 10 *11)
[    0.295794] ACPI: PCI Interrupt Link [LNKB] (IRQs 5 9 *10 11)
[    0.296220] ACPI: PCI Interrupt Link [LNKC] (IRQs 5 *9 10 11)
[    0.297739] ACPI: PCI Interrupt Link [LNKD] (IRQs 5 9 10 *11)
[    0.300333] SCSI subsystem initialized
[    0.301345] pci 0000:00:02.0: vgaarb: setting as boot VGA device
[    0.301475] pci 0000:00:02.0: vgaarb: VGA device added: decodes=io+mem,owns=io+mem,locks=none
[    0.304019] pci 0000:00:02.0: vgaarb: bridge control possible
[    0.305055] vgaarb: loaded
[    0.305634] ACPI: bus type USB registered
[    0.308024] usbcore: registered new interface driver usbfs
[    0.308998] usbcore: registered new interface driver hub
[    0.309990] usbcore: registered new device driver usb
[    0.310915] EDAC MC: Ver: 3.0.0
[    0.312236] PCI: Using ACPI for IRQ routing
[    0.313079] NetLabel: Initializing
[    0.313703] NetLabel:  domain hash size = 128
[    0.314484] NetLabel:  protocols = UNLABELED CIPSOv4 CALIPSO
[    0.315734] NetLabel:  unlabeled traffic allowed by default
[    0.316080] clocksource: Switched to clocksource kvm-clock
[    0.335836] VFS: Disk quotas dquot_6.6.0
[    0.336616] VFS: Dquot-cache hash table entries: 512 (order 0, 4096 bytes)
[    0.337916] AppArmor: AppArmor Filesystem Enabled
[    0.338766] pnp: PnP ACPI init
[    0.340298] pnp: PnP ACPI: found 3 devices
[    0.358621] clocksource: acpi_pm: mask: 0xffffff max_cycles: 0xffffff, max_idle_ns: 2085701024 ns
[    0.360707] NET: Registered protocol family 2
[    0.361880] TCP established hash table entries: 8192 (order: 4, 65536 bytes)
[    0.363066] TCP bind hash table entries: 8192 (order: 5, 131072 bytes)
[    0.367257] TCP: Hash tables configured (established 8192 bind 8192)
[    0.368450] UDP hash table entries: 512 (order: 2, 16384 bytes)
[    0.369433] UDP-Lite hash table entries: 512 (order: 2, 16384 bytes)
[    0.370489] NET: Registered protocol family 1
[    0.371261] pci 0000:00:00.0: Limiting direct PCI/PCI transfers
[    0.372292] pci 0000:00:01.0: Activating ISA DMA hang workarounds
[    0.373344] pci 0000:00:02.0: Video device with shadowed ROM at [mem 0x000c0000-0x000dffff]
[    0.374847] Unpacking initramfs...
[    0.943164] Freeing initrd memory: 19200K
[    0.944373] clocksource: tsc: mask: 0xffffffffffffffff max_cycles: 0x271782d3887, max_idle_ns: 440795314643 ns
[    0.946516] platform rtc_cmos: registered platform RTC device (no PNP device found)
[    0.948280] Scanning for low memory corruption every 60 seconds
[    0.950981] Initialise system trusted keyrings
[    0.952054] Key type blacklist registered
[    0.953371] workingset: timestamp_bits=36 max_order=18 bucket_order=0
[    0.956365] zbud: loaded
[    0.957776] squashfs: version 4.0 (2009/01/31) Phillip Lougher
[    0.959765] fuse init (API version 7.26)
[    0.972137] Key type asymmetric registered
[    0.972990] Asymmetric key parser 'x509' registered
[    0.973946] Block layer SCSI generic (bsg) driver version 0.4 loaded (major 246)
[    0.975567] io scheduler noop registered
[    0.976604] io scheduler deadline registered
[    0.977622] io scheduler cfq registered (default)
[    0.979042] ACPI: AC Adapter [AC] (off-line)
[    0.980046] input: Power Button as /devices/LNXSYSTM:00/LNXPWRBN:00/input/input0
[    0.981594] ACPI: Power Button [PWRF]
[    0.982456] input: Sleep Button as /devices/LNXSYSTM:00/LNXSLPBN:00/input/input1
[    0.983799] ACPI: Sleep Button [SLPF]
[    0.985879] ACPI: Battery Slot [BAT0] (battery present)
[    0.986888] Serial: 8250/16550 driver, 32 ports, IRQ sharing enabled
[    1.009171] 00:02: ttyS0 at I/O 0x3f8 (irq = 4, base_baud = 115200) is a 16550A
[    1.020236] Linux agpgart interface v0.103
[    1.025333] loop: module loaded
[    1.027280] scsi host0: ata_piix
[    1.028531] scsi host1: ata_piix
[    1.029391] ata1: PATA max UDMA/33 cmd 0x1f0 ctl 0x3f6 bmdma 0xd000 irq 14
[    1.030845] ata2: PATA max UDMA/33 cmd 0x170 ctl 0x376 bmdma 0xd008 irq 15
[    1.032696] libphy: Fixed MDIO Bus: probed
[    1.033561] tun: Universal TUN/TAP device driver, 1.6
[    1.034653] PPP generic driver version 2.4.2
[    1.035689] ehci_hcd: USB 2.0 'Enhanced' Host Controller (EHCI) Driver
[    1.036909] ehci-pci: EHCI PCI platform driver
[    1.037806] ehci-platform: EHCI generic platform driver
[    1.038786] ohci_hcd: USB 1.1 'Open' Host Controller (OHCI) Driver
[    1.039854] ohci-pci: OHCI PCI platform driver
[    1.040715] ohci-platform: OHCI generic platform driver
[    1.041642] uhci_hcd: USB Universal Host Controller Interface driver
[    1.042771] i8042: PNP: PS/2 Controller [PNP0303:PS2K,PNP0f03:PS2M] at 0x60,0x64 irq 1,12
[    1.044639] serio: i8042 KBD port at 0x60,0x64 irq 1
[    1.045680] serio: i8042 AUX port at 0x60,0x64 irq 12
[    1.047175] mousedev: PS/2 mouse device common for all mice
[    1.049321] rtc_cmos rtc_cmos: rtc core: registered rtc_cmos as rtc0
[    1.050629] input: AT Translated Set 2 keyboard as /devices/platform/i8042/serio0/input/input2
[    1.052228] rtc_cmos rtc_cmos: alarms up to one day, 114 bytes nvram
[    1.053665] i2c /dev entries driver
[    1.054771] device-mapper: uevent: version 1.0.3
[    1.055970] device-mapper: ioctl: 4.37.0-ioctl (2017-09-20) initialised: dm-devel@redhat.com
[    1.057641] ledtrig-cpu: registered to indicate activity on CPUs
[    1.059567] NET: Registered protocol family 10
[    1.068102] Segment Routing with IPv6
[    1.069025] NET: Registered protocol family 17
[    1.070109] Key type dns_resolver registered
[    1.071354] mce: Using 0 MCE banks
[    1.072099] RAS: Correctable Errors collector initialized.
[    1.073114] sched_clock: Marking stable (1073097372, 0)->(1337858514, -264761142)
[    1.075230] registered taskstats version 1
[    1.076026] Loading compiled-in X.509 certificates
[    1.081612] Loaded X.509 cert 'Build time autogenerated kernel key: 665cd2b89e03521f57c41865f552ebce30a0c7fb'
[    1.084020] zswap: loaded using pool lzo/zbud
[    1.090820] Key type big_key registered
[    1.091711] Key type trusted registered
[    1.096184] Key type encrypted registered
[    1.097352] AppArmor: AppArmor sha1 policy hashing enabled
[    1.099006] ima: No TPM chip found, activating TPM-bypass! (rc=-19)
[    1.100830] ima: Allocated hash algorithm: sha1
[    1.101822] evm: HMAC attrs: 0x1
[    1.103036]   Magic number: 8:910:576
[    1.104156] rtc_cmos rtc_cmos: setting system clock to 2020-02-26 09:35:19 UTC (1582709719)
[    1.106550] BIOS EDD facility v0.16 2004-Jun-25, 0 devices found
[    1.108056] EDD information not available.
[    1.229789] Freeing unused kernel image memory: 2428K
[    1.240541] Write protecting the kernel read-only data: 20480k
[    1.245348] Freeing unused kernel image memory: 2008K
[    1.249730] Freeing unused kernel image memory: 1884K
[    1.268258] x86/mm: Checked W+X mappings: passed, no W+X pages found.
[    1.271054] x86/mm: Checking user space page tables
[    1.286556] x86/mm: Checked W+X mappings: passed, no W+X pages found.
Loading, please wait...
starting version 237
[    1.422120] Fusion MPT base driver 3.04.20
[    1.423101] Copyright (c) 1999-2008 LSI Corporation
[    1.455413] e1000: Intel(R) PRO/1000 Network Driver - version 7.3.21-k8-NAPI
[    1.456855] e1000: Copyright (c) 1999-2006 Intel Corporation.
[    1.469539] Fusion MPT SPI Host driver 3.04.20
[    1.471008] AVX2 version of gcm_enc/dec engaged.
[    1.472111] AES CTR mode by8 optimization enabled
[    1.480510] mptbase: ioc0: Initiating bringup
[    1.820788] input: ImExPS/2 Generic Explorer Mouse as /devices/platform/i8042/serio1/input/input4
[    1.873050] ioc0: LSI53C1030 A0: Capabilities={Initiator}
[    2.126945] scsi host2: ioc0: LSI53C1030 A0, FwRev=00000000h, Ports=1, MaxQ=256, IRQ=20
[    2.306192] scsi 2:0:0:0: Direct-Access     VBOX     HARDDISK         1.0  PQ: 0 ANSI: 5
[    2.536422] scsi target2:0:0: Beginning Domain Validation
[    2.589491] scsi target2:0:0: Domain Validation skipping write tests
[    2.592612] scsi target2:0:0: Ending Domain Validation
[    2.595669] scsi target2:0:0: asynchronous
[    2.600216] scsi 2:0:1:0: Direct-Access     VBOX     HARDDISK         1.0  PQ: 0 ANSI: 5
[    2.852069] scsi target2:0:1: Beginning Domain Validation
[    2.854247] random: fast init done
[    2.855213] scsi target2:0:1: Domain Validation skipping write tests
[    2.856533] scsi target2:0:1: Ending Domain Validation
[    2.857719] scsi target2:0:1: asynchronous
[    2.862332] random: systemd-udevd: uninitialized urandom read (16 bytes read)
[    2.863669] random: systemd-udevd: uninitialized urandom read (16 bytes read)
[    2.864995] random: systemd-udevd: uninitialized urandom read (16 bytes read)
[    2.866563] sd 2:0:0:0: Attached scsi generic sg0 type 0
[    2.867695] sd 2:0:0:0: [sda] 20971520 512-byte logical blocks: (10.7 GB/10.0 GiB)
[    2.869411] sd 2:0:0:0: [sda] Write Protect is off
[    2.870516] sd 2:0:0:0: [sda] Incomplete mode parameter data
[    2.871555] sd 2:0:0:0: [sda] Assuming drive cache: write through
[    2.873168] sd 2:0:1:0: Attached scsi generic sg1 type 0
[    2.874316] sd 2:0:1:0: [sdb] 20480 512-byte logical blocks: (10.5 MB/10.0 MiB)
[    2.876143] sd 2:0:1:0: [sdb] Write Protect is off
[    2.879163] sd 2:0:1:0: [sdb] Incomplete mode parameter data
[    2.880382] sd 2:0:1:0: [sdb] Assuming drive cache: write through
[    2.886091]  sda: sda1
[    2.887675] sd 2:0:0:0: [sda] Attached SCSI disk
[    2.888835] sd 2:0:1:0: [sdb] Attached SCSI disk
[    2.943374] e1000 0000:00:03.0 eth0: (PCI:33MHz:32-bit) 02:b4:6b:8c:b8:1a
[    2.944906] e1000 0000:00:03.0 eth0: Intel(R) PRO/1000 Network Connection
[    3.548671] e1000 0000:00:08.0 eth1: (PCI:33MHz:32-bit) 08:00:27:a1:e2:82
[    3.553957] e1000 0000:00:08.0 eth1: Intel(R) PRO/1000 Network Connection
[    3.562966] e1000 0000:00:03.0 enp0s3: renamed from eth0
[    3.581853] e1000 0000:00:08.0 enp0s8: renamed from eth1
Begin: Loading essential drivers ... [    5.292121] raid6: sse2x1   gen()  6670 MB/s
[    5.340470] raid6: sse2x1   xor()  4471 MB/s
[    5.388200] raid6: sse2x2   gen()  8200 MB/s
[    5.436135] raid6: sse2x2   xor()  3535 MB/s
[    5.484117] raid6: sse2x4   gen()  6433 MB/s
[    5.532120] raid6: sse2x4   xor()  4870 MB/s
[    5.580536] raid6: avx2x1   gen()  9390 MB/s
[    5.628454] raid6: avx2x1   xor()  7416 MB/s
[    5.676144] raid6: avx2x2   gen() 13589 MB/s
[    5.724102] raid6: avx2x2   xor() 10195 MB/s
[    5.772113] raid6: avx2x4   gen() 14774 MB/s
[    5.825135] raid6: avx2x4   xor() 10195 MB/s
[    5.826136] raid6: using algorithm avx2x4 gen() 14774 MB/s
[    5.827335] raid6: .... xor() 10195 MB/s, rmw enabled
[    5.828428] raid6: using avx2x2 recovery algorithm
[    5.831697] xor: automatically using best checksumming function   avx       
[    5.835365] async_tx: api initialized (async)
done.
Begin: Running /scripts/init-premount ... done.
Begin: Mounting root file system ... Begin: Running /scripts/local-top ... done.
Begin: Running /scripts/local-premount ... [    5.924575] Btrfs loaded, crc32c=crc32c-intel
Scanning for Btrfs filesystems
done.
Warning: fsck not present, so skipping root file system
[    6.009827] EXT4-fs (sda1): mounted filesystem with ordered data mode. Opts: (null)
done.
Begin: Running /scripts/local-bottom ... done.
Begin: Running /scripts/init-bottom ... done.
[    6.363575] ip_tables: (C) 2000-2006 Netfilter Core Team
[    6.395428] systemd[1]: systemd 237 running in system mode. (+PAM +AUDIT +SELINUX +IMA +APPARMOR +SMACK +SYSVINIT +UTMP +LIBCRYPTSETUP +GCRYPT +GNUTLS +ACL +XZ +LZ4 +SECCOMP +BLKID +ELFUTILS +KMOD -IDN2 +IDN -PCRE2 default-hierarchy=hybrid)
[    6.408460] systemd[1]: Detected virtualization oracle.
[    6.412059] systemd[1]: Detected architecture x86-64.

Welcome to [1mUbuntu 18.04.4 LTS[0m!

[    6.458065] systemd[1]: Set hostname to <ubuntu>.
[    6.470954] systemd[1]: Initializing machine ID from random generator.
[    6.473577] systemd[1]: Installed transient /etc/machine-id file.
[    7.097591] systemd[1]: Created slice System Slice.
[[0;32m  OK  [0m] Created slice System Slice.
[    7.102572] systemd[1]: Listening on Journal Socket.
[[0;32m  OK  [0m] Listening on Journal Socket.
[    7.109987] systemd[1]: Starting Create list of required static device nodes for the current kernel...
         Starting Create list of required st…ce nodes for the current kernel...
[    7.129328] systemd[1]: Listening on LVM2 poll daemon socket.
[[0;32m  OK  [0m] Listening on LVM2 poll daemon socket.
[[0;32m  OK  [0m] Reached target Swap.
[[0;32m  OK  [0m] Created slice User and Session Slice.
         Mounting Kernel Debug File System...
[[0;32m  OK  [0m] Listening on Journal Socket (/dev/log).
[[0;32m  OK  [0m] Listening on Network Service Netlink Socket.
[[0;32m  OK  [0m] Listening on Device-mapper event daemon FIFOs.
[[0;32m  OK  [0m] Reached target System Time Synchronized.
         Starting Remount Root and Kernel File Systems...
         Starting Load Kernel Modules...
[[0;32m  OK  [0m] Listening on udev Kernel Socket.
[[0;32m  OK  [0m] Listening on udev Control Socket.
         Starting udev Coldplug all Devices...
[[0;32m  OK  [0m] Created slice system-serial\x2dgetty.slice.
[    7.201671] EXT4-fs (sda1): re-mounted. Opts: (null)
         Starting Uncomplicated firewall...
[[0;32m  OK  [0m] Listening on /dev/initctl Compatibility Named Pipe.
[[0;32m  OK  [0m] Listening on LVM2 metadata daemon socket.
         Starting Monitoring of LVM2 mirrors…ng dmeventd or progress polling...
         Mounting Huge Pages File System...
[[0;32m  OK  [0m] Reached target User and Group Name Lookups.
         Mounting POSIX Message Queue File System...
[[0;32m  OK  [0m] Started Forward Password Requests to Wall Directory Watch.
[[0;32m  OK  [0m] Listening on Journal Audit Socket.
         Starting Set the console keyboard layout...
[    7.262351] Loading iSCSI transport class v2.0-870.
[[0;32m  OK  [0m] Reached target Slices.
[[0;32m  OK  [0m] Listening on Syslog Socket.
         Starting Journal Service...
[[0;32m  OK  [0m] Set up automount Arbitrary Executab…rmats File System Automount Point.
[    7.295407] iscsi: registered transport (tcp)
[[0;32m  OK  [0m] Started Create list of required sta…vice nodes for the current kernel.
[[0;32m  OK  [0m] Mounted Kernel Debug File System.
[[0;32m  OK  [0m] Started Remount Root and Kernel File Systems.
[[0;32m  OK  [0m] Started Uncomplicated firewall.
[[0;32m  OK  [0m] Mounted Huge Pages File System.
[[0;32m  OK  [0m] Mounted POSIX Message Queue File System.
         Starting Load/Save Random Seed...
         Starting Create Static Device Nodes in /dev...
[[0;32m  OK  [0m] Started Load/Save Random Seed.
[[0;32m  OK  [0m] Started udev Coldplug all Devices.
[[0;32m  OK  [0m] Started LVM2 metadata daemon.
[[0;32m  OK  [0m] Started Journal Service.
         Starting Flush Journal to Persistent Storage...
[[0;32m  OK  [0m] Started Create Static Device Nodes in /dev.
         Starting udev Kernel Device Manager...
[    7.545717] iscsi: registered transport (iser)
[[0;32m  OK  [0m] Started Load Kernel Modules.
         Mounting Kernel Configuration File System...
         Starting Apply Kernel Variables...
         Mounting FUSE Control File System...
[[0;32m  OK  [0m] Mounted Kernel Configuration File System.
[[0;32m  OK  [0m] Mounted FUSE Control File System.
[    7.570726] systemd-journald[396]: Received request to flush runtime journal from PID 1
[[0;32m  OK  [0m] Started Monitoring of LVM2 mirrors,…sing dmeventd or progress polling.
[[0;32m  OK  [0m] Started udev Kernel Device Manager.
[[0;32m  OK  [0m] Started Apply Kernel Variables.
[[0;32m  OK  [0m] Started Flush Journal to Persistent Storage.
[[0;32m  OK  [0m] Found device /dev/ttyS0.
[[0;32m  OK  [0m] Listening on Load/Save RF Kill Switch Status /dev/rfkill Watch.
[[0;32m  OK  [0m] Started Set the console keyboard layout.
[[0;32m  OK  [0m] Reached target Local File Systems (Pre).
[[0;32m  OK  [0m] Reached target Local File Systems.
         Starting Create Volatile Files and Directories...
         Starting Set console font and keymap...
         Starting AppArmor initialization...
         Starting Commit a transient machine-id on disk...
         Starting Tell Plymouth To Write Out Runtime Data...
         Starting ebtables ruleset management...
[[0;32m  OK  [0m] Started Dispatch Password Requests to Console Directory Watch.
[[0;32m  OK  [0m] Reached target Local Encrypted Volumes.
[[0;32m  OK  [0m] Started Create Volatile Files and Directories.
         Starting Update UTMP about System Boot/Shutdown...
[[0;32m  OK  [0m] Started Set console font and keymap.
[[0;32m  OK  [0m] Started Tell Plymouth To Write Out Runtime Data.
[[0;32m  OK  [0m] Started Update UTMP about System Boot/Shutdown.
[[0;32m  OK  [0m] Started Commit a transient machine-id on disk.
[[0;32m  OK  [0m] Started ebtables ruleset management.
[[0;32m  OK  [0m] Started AppArmor initialization.
         Starting Initial cloud-init job (pre-networking)...
[   12.914648] cloud-init[650]: Cloud-init v. 19.4-33-gbb4131a2-0ubuntu1~18.04.1 running 'init-local' at Wed, 26 Feb 2020 09:35:30 +0000. Up 12.18 seconds.
[[0;32m  OK  [0m] Started Initial cloud-init job (pre-networking).
[[0;32m  OK  [0m] Reached target Network (Pre).
         Starting Network Service...
[[0;32m  OK  [0m] Started Network Service.
         Starting Network Name Resolution...
         Starting Wait for Network to be Configured...
[[0;32m  OK  [0m] Started Network Name Resolution.
[[0;32m  OK  [0m] Reached target Network.
[[0;32m  OK  [0m] Reached target Host and Network Name Lookups.
[[0;32m  OK  [0m] Started Wait for Network to be Configured.
         Starting Initial cloud-init job (metadata service crawler)...
[   15.384277] cloud-init[771]: Cloud-init v. 19.4-33-gbb4131a2-0ubuntu1~18.04.1 running 'init' at Wed, 26 Feb 2020 09:35:33 +0000. Up 15.12 seconds.
[   15.386479] cloud-init[771]: ci-info: ++++++++++++++++++++++++++++++++++++++Net device info+++++++++++++++++++++++++++++++++++++++
[   15.388690] cloud-init[771]: ci-info: +--------+-------+----------------------------+---------------+--------+-------------------+
[   15.390332] cloud-init[771]: ci-info: | Device |   Up  |          Address           |      Mask     | Scope  |     Hw-Address    |
[   15.391968] cloud-init[771]: ci-info: +--------+-------+----------------------------+---------------+--------+-------------------+
[   15.404370] cloud-init[771]: ci-info: | enp0s3 |  True |         10.0.2.15          | 255.255.255.0 | global | 02:b4:6b:8c:b8:1a |
[   15.406159] cloud-init[771]: ci-info: | enp0s3 |  True | fe80::b4:6bff:fe8c:b81a/64 |       .       |  link  | 02:b4:6b:8c:b8:1a |
[   15.408051] cloud-init[771]: ci-info: | enp0s8 | False |             .              |       .       |   .    | 08:00:27:a1:e2:82 |
[   15.410061] cloud-init[771]: ci-info: |   lo   |  True |         127.0.0.1          |   255.0.0.0   |  host  |         .         |
[   15.411580] cloud-init[771]: ci-info: |   lo   |  True |          ::1/128           |       .       |  host  |         .         |
[   15.413744] cloud-init[771]: ci-info: +--------+-------+----------------------------+---------------+--------+-------------------+
[   15.415448] cloud-init[771]: ci-info: ++++++++++++++++++++++++++++Route IPv4 info+++++++++++++++++++++++++++++
[   15.417031] cloud-init[771]: ci-info: +-------+-------------+----------+-----------------+-----------+-------+
[   15.418480] cloud-init[771]: ci-info: | Route | Destination | Gateway  |     Genmask     | Interface | Flags |
[   15.420088] cloud-init[771]: ci-info: +-------+-------------+----------+-----------------+-----------+-------+
[   15.421663] cloud-init[771]: ci-info: |   0   |   0.0.0.0   | 10.0.2.2 |     0.0.0.0     |   enp0s3  |   UG  |
[   15.423239] cloud-init[771]: ci-info: |   1   |   10.0.2.0  | 0.0.0.0  |  255.255.255.0  |   enp0s3  |   U   |
[   15.424809] cloud-init[771]: ci-info: |   2   |   10.0.2.2  | 0.0.0.0  | 255.255.255.255 |   enp0s3  |   UH  |
[   15.426745] cloud-init[771]: ci-info: +-------+-------------+----------+-----------------+-----------+-------+
[   15.428185] cloud-init[771]: ci-info: +++++++++++++++++++Route IPv6 info+++++++++++++++++++
[   15.429677] cloud-init[771]: ci-info: +-------+-------------+---------+-----------+-------+
[   15.431193] cloud-init[771]: ci-info: | Route | Destination | Gateway | Interface | Flags |
[   15.432802] cloud-init[771]: ci-info: +-------+-------------+---------+-----------+-------+
[   15.434531] cloud-init[771]: ci-info: |   1   |  fe80::/64  |    ::   |   enp0s3  |   U   |
[   15.436427] cloud-init[771]: ci-info: |   3   |    local    |    ::   |   enp0s3  |   U   |
[   15.438272] cloud-init[771]: ci-info: |   4   |   ff00::/8  |    ::   |   enp0s3  |   U   |
[   15.440027] cloud-init[771]: ci-info: +-------+-------------+---------+-----------+-------+
[   16.443645] cloud-init[771]: Generating public/private rsa key pair.
[   16.444723] cloud-init[771]: Your identification has been saved in /etc/ssh/ssh_host_rsa_key.
[   16.445808] cloud-init[771]: Your public key has been saved in /etc/ssh/ssh_host_rsa_key.pub.
[   16.446928] cloud-init[771]: The key fingerprint is:
[   16.447748] cloud-init[771]: SHA256:DW6EHrCFI4QsVqjtwk8OH2Jvn5S8PDwX77kqfjXrMVs root@ubuntu-bionic
[   16.449012] cloud-init[771]: The key's randomart image is:
[   16.450016] cloud-init[771]: +---[RSA 2048]----+
[   16.450569] cloud-init[771]: |.o+....          |
[   16.451063] cloud-init[771]: |o+. o+ .         |
[   16.451595] cloud-init[771]: |+. ...o o        |
[   16.452178] cloud-init[771]: |. .  . + o       |
[   16.452907] cloud-init[771]: |..    . S .      |
[   16.453883] cloud-init[771]: |.=.o. .o o       |
[   16.454889] cloud-init[771]: |..O o+  +ooE     |
[   16.455709] cloud-init[771]: |   *o=oo o*      |
[   16.456762] cloud-init[771]: |  . o**.+*.      |
[   16.457592] cloud-init[771]: +----[SHA256]-----+
[   16.458650] cloud-init[771]: Generating public/private dsa key pair.
[   16.460712] cloud-init[771]: Your identification has been saved in /etc/ssh/ssh_host_dsa_key.
[   16.462324] cloud-init[771]: Your public key has been saved in /etc/ssh/ssh_host_dsa_key.pub.
[   16.463869] cloud-init[771]: The key fingerprint is:
[   16.464947] cloud-init[771]: SHA256:WiEvRDWQ9zVG6cBZ+VneqsGZvBgWFsxvUpI4KR4GFt0 root@ubuntu-bionic
[   16.466463] cloud-init[771]: The key's randomart image is:
[   16.467540] cloud-init[771]: +---[DSA 1024]----+
[   16.468479] cloud-init[771]: |    ++o=o* =oo   |
[   16.469262] cloud-init[771]: |   . .* E.X B   .|
[   16.470475] cloud-init[771]: |     oo+.o X o +.|
[   16.471718] cloud-init[771]: |     ..o .= + o o|
[   16.472646] cloud-init[771]: |      . S. * o . |
[   16.473546] cloud-init[771]: |       +  o * .  |
[   16.474413] cloud-init[771]: |      .  . o +   |
[   16.475374] cloud-init[771]: |          . o    |
[   16.476233] cloud-init[771]: |                 |
[   16.477085] cloud-init[771]: +----[SHA256]-----+
[   16.477872] cloud-init[771]: Generating public/private ecdsa key pair.
[   16.478964] cloud-init[771]: Your identification has been saved in /etc/ssh/ssh_host_ecdsa_key.
[   16.488882] cloud-init[771]: Your public key has been saved in /etc/ssh/ssh_host_ecdsa_key.pub.
[   16.501100] cloud-init[771]: The key fingerprint is:
[   16.502433] cloud-init[771]: SHA256:2UfVmp1zfqkomfdeTlgDiajtZbNTLVysAURYYMQmINk root@ubuntu-bionic
[   16.504119] cloud-init[771]: The key's randomart image is:
[   16.505387] cloud-init[771]: +---[ECDSA 256]---+
[   16.506475] cloud-init[771]: |   .o.. o+*=  .. |
[   16.507581] cloud-init[771]: |   ..E ..+. o.o .|
[   16.508716] cloud-init[771]: |        o. ..+ *.|
[   16.510760] cloud-init[771]: |        oo .. Ooo|
[   16.513569] cloud-init[771]: |       .S..+.= =+|
[   16.514670] cloud-init[771]: |        . o.+ +.+|
[   16.515322] cloud-init[771]: |         .oo...o.|
[   16.516025] [[0;32m  OK  [0m] Started Initial cloud-init job (metadata service crawler).
cloud-init[771]: |         + o..+  |
[   16.528650] [[0;32m  OK  [0m] Reached target Cloud-config availability.
[[0;32m  OK  [0m] Reached target Network is Online.
cloud-init[771]: |          o oo . |
[   16.530661] cloud-init[771]: +----[SHA256]-----+
         Starting Availability of block devices...
[[0;32m  OK  [0m] Reached target Remote File Systems (Pre).
[[0;32m  OK  [0m] Reached target Remote File Systems.
[   16.545568] [[0;32m  OK  [0m] Reached target System Initialization.
[[0;32m  OK  [0m] Started Discard unused blocks once a week.
[[0;32m  OK  [0m] Listening on ACPID Listen Socket.
[[0;32m  OK  [0m] Started ACPI Events Check.
[[0;32m  OK  [0m] Started Message of the Day.
cloud-init[771]:          Starting LXD - unix socket.
[[0;32m  OK  [0m] Reached target Paths.
[[0;32m  OK  [0m] Started Daily Cleanup of Temporary Directories.
[[0;32m  OK  [0m] Listening on UUID daemon activation socket.
[[0;32m  OK  [0m] Listening on Open-iSCSI iscsid Socket.
[[0;32m  OK  [0m] Started Daily apt download activities.
[[0;32m  OK  [0m] Started Daily apt upgrade and clean activities.
[[0;32m  OK  [0m] Reached target Timers.
         Starting Socket activation for snappy daemon.
[[0;32m  OK  [0m] Listening on D-Bus System Message Bus Socket.
[[0;32m  OK  [0m] Started Availability of block devices.
[[0;32m  OK  [0m] Listening on LXD - unix socket.
Generating public/private ed25519 key pair.
[[0;32m  OK  [0m] Listening on Socket activation for snappy daemon.
[[0;32m  OK  [0m] Reached target Sockets.
[[0;32m  OK  [0m] Reached target Basic System.
[[0;32m  OK  [0m] Started FUSE filesystem for LXC.
[   16.565494] cloud-init[771]: Your identification has been saved in /etc/ssh/ssh_host_ed25519_key.
[   16.566449] cloud-init[771]: Your public key has been saved in /etc/ssh/ssh_host_ed25519_key.pub.
[   16.568012]          Starting LSB: automatic crash report generation...
cloud-init[771]: The key fingerprint is:
[[0;32m  OK  [0m] Started D-Bus System Message Bus.
[   16.571177] cloud-init[771]: SHA256:gp323JKLZFmAkgvh8XfM6lV1sq80fJjIIDZ1Iqh4zD8 root@ubuntu-bionic
[   16.574953] cloud-init[771]: The key's randomart image is:
[   16.575799] cloud-init[771]: +--[ED25519 256]--+
[   16.577390] cloud-init[771]: |..  .. o . o .   |
[   16.578813] cloud-init[771]: |..oo .= o . +    |
[   16.581579] cloud-init[771]: |o++..=.= . .     |
[   16.584827] cloud-init[771]: |.o+ooo=o+ o +    |
[   16.585795] cloud-init[771]: | .....=.So * o   |
[   16.588676] cloud-init[771]: |    E..* o. +    |
[   16.589511] cloud-init[771]: |     o+ = ..     |
[   16.590455] cloud-init[771]: |     o . o       |
[   16.592919] cloud-init[771]: |      . .        |
[   16.593849] cloud-init[771]: +----[SHA256]-----+
         Starting Pollinate to seed the pseudo random number generator...
         Starting LSB: Record successful boot for GRUB...
         Starting Accounts Service...
         Starting Permit User Sessions...
         Starting Virtualbox guest utils...
         Starting LXD - container startup/shutdown...
[[0;32m  OK  [0m] Started Regular background program processing daemon.
[[0;32m  OK  [0m] Started irqbalance daemon.
[[0;32m  OK  [0m] Started Deferred execution scheduler.
         Starting Dispatcher daemon for systemd-networkd...
         Starting Login Service...
         Starting System Logging Service...
         Starting Snappy daemon...
[[0;32m  OK  [0m] Started Permit User Sessions.
[[0;32m  OK  [0m] Started System Logging Service.
[[0;32m  OK  [0m] Started Login Service.
[[0;32m  OK  [0m] Started Unattended Upgrades Shutdown.
         Starting Authorization Manager...
         Starting Terminate Plymouth Boot Screen...
         Starting Hold until boot process finishes up...
[[0;32m  OK  [0m] Started Hold until boot process finishes up.
[[0;32m  OK  [0m] Started Terminate Plymouth Boot Screen.
         Starting Set console scheme...
[[0;32m  OK  [0m] Started Serial Getty on ttyS0.
[[0;32m  OK  [0m] Started LSB: Record successful boot for GRUB.
[[0;32m  OK  [0m] Started Authorization Manager.
[[0;32m  OK  [0m] Started Accounts Service.
[[0;32m  OK  [0m] Started Set console scheme.
[[0;32m  OK  [0m] Created slice system-getty.slice.
[[0;32m  OK  [0m] Started Getty on tty1.
[[0;32m  OK  [0m] Reached target Login Prompts.
[[0;32m  OK  [0m] Started LSB: automatic crash report generation.
[[0;32m  OK  [0m] Started Virtualbox guest utils.
[[0;32m  OK  [0m] Started LXD - container startup/shutdown.
[[0;32m  OK  [0m] Started Dispatcher daemon for systemd-networkd.
[[0;32m  OK  [0m] Started Snappy daemon.
         Starting Wait until snapd is fully seeded...
[[0;32m  OK  [0m] Started Wait until snapd is fully seeded.
         Starting Apply the settings specified in cloud-config...
[   20.150312] cloud-init[1243]: Cloud-init v. 19.4-33-gbb4131a2-0ubuntu1~18.04.1 running 'modules:config' at Wed, 26 Feb 2020 09:35:38 +0000. Up 19.66 seconds.
[[0;32m  OK  [0m] Started Apply the settings specified in cloud-config.

Ubuntu 18.04.4 LTS ubuntu-bionic ttyS0

ubuntu-bionic login: ci-info: no authorized SSH keys fingerprints found for user ubuntu.
<14>Feb 26 09:35:43 ec2: 
<14>Feb 26 09:35:43 ec2: #############################################################
<14>Feb 26 09:35:43 ec2: -----BEGIN SSH HOST KEY FINGERPRINTS-----
<14>Feb 26 09:35:43 ec2: 1024 SHA256:WiEvRDWQ9zVG6cBZ+VneqsGZvBgWFsxvUpI4KR4GFt0 root@ubuntu-bionic (DSA)
<14>Feb 26 09:35:43 ec2: 256 SHA256:2UfVmp1zfqkomfdeTlgDiajtZbNTLVysAURYYMQmINk root@ubuntu-bionic (ECDSA)
<14>Feb 26 09:35:43 ec2: 256 SHA256:gp323JKLZFmAkgvh8XfM6lV1sq80fJjIIDZ1Iqh4zD8 root@ubuntu-bionic (ED25519)
<14>Feb 26 09:35:43 ec2: 2048 SHA256:DW6EHrCFI4QsVqjtwk8OH2Jvn5S8PDwX77kqfjXrMVs root@ubuntu-bionic (RSA)
<14>Feb 26 09:35:43 ec2: -----END SSH HOST KEY FINGERPRINTS-----
<14>Feb 26 09:35:43 ec2: #############################################################
-----BEGIN SSH HOST KEY KEYS-----
ecdsa-sha2-nistp256 AAAAE2VjZHNhLXNoYTItbmlzdHAyNTYAAAAIbmlzdHAyNTYAAABBBKCNg8c+LSaDKE8ywZvH55C2BESeAmCLhzRB6iPtgFM1qQIaY2/cO1Pvx+WMjSCgM0WCFnICsrnBx/o8eSkqfS4= root@ubuntu-bionic
ssh-ed25519 AAAAC3NzaC1lZDI1NTE5AAAAIGnIMJSduyWF8zWlElbjzYRJay1zaL7U3IT+86F3NTsi root@ubuntu-bionic
ssh-rsa AAAAB3NzaC1yc2EAAAADAQABAAABAQCn+nOXdf37rRalFCoCvZT/IXybZSj3+NWGZtRRVZJ5rVkeNvpyXMpa/FcxDwkXorwEQuibS2zn5TyicvzHfPHfdRgP5zqrnIINUPD/BR3Bz7MhomRr3cMylooa3WprpbmMA05e8kvkZePiWUam7jIlRU1fI3DJclKLICcCJ3r4D/AKJv8b++UelFHzLAVOYE1ZoQKjr4sfhgnMntopexN4DDKjwAaJw8X3i8ScXuE0KYP6xNa0j25Tql3EAiUyFjZA7jWukg2bsPHdTgogqSYW9DKa/28euiHiF0xFvkP9zKtdfIOXnYU4Na+vgcCUsvaz3Dl6eproUd4xMBVkTE4d root@ubuntu-bionic
-----END SSH HOST KEY KEYS-----
[   24.753994] cloud-init[1363]: Cloud-init v. 19.4-33-gbb4131a2-0ubuntu1~18.04.1 running 'modules:final' at Wed, 26 Feb 2020 09:35:42 +0000. Up 24.41 seconds.
[   24.754113] cloud-init[1363]: ci-info: no authorized SSH keys fingerprints found for user ubuntu.
[   24.754173] cloud-init[1363]: Cloud-init v. 19.4-33-gbb4131a2-0ubuntu1~18.04.1 finished at Wed, 26 Feb 2020 09:35:43 +0000. Datasource DataSourceNoCloud [seed=/dev/sdb][dsmode=net].  Up 24.73 seconds
